make core
make[1]: Entering directory '/home/larry/.opam/system/.opam-switch/build/camlp5.7.06'
set -e; cd ocaml_stuff; make; cd ..
make[2]: Entering directory '/home/larry/.opam/system/.opam-switch/build/camlp5.7.06/ocaml_stuff'
cd ./4.05.0/utils; \
make all EXE= OCAMLN=ocaml
make[3]: Entering directory '/home/larry/.opam/system/.opam-switch/build/camlp5.7.06/ocaml_stuff/4.05.0/utils'
ocamlc  -c warnings.mli
ocamlc  -c pconfig.mli
ocamlc  -c pconfig.ml
make[3]: Leaving directory '/home/larry/.opam/system/.opam-switch/build/camlp5.7.06/ocaml_stuff/4.05.0/utils'
if [ "+compiler-libs" != "+compiler-libs" ]; then \
  cd ./4.05.0/parsing; \
  make all EXE= OCAMLN=ocaml; \
fi
make[2]: Leaving directory '/home/larry/.opam/system/.opam-switch/build/camlp5.7.06/ocaml_stuff'
make clean_cold
make[2]: Entering directory '/home/larry/.opam/system/.opam-switch/build/camlp5.7.06'
for i in lib odyl main meta; do \
	(cd ocaml_src/$i; make clean; cd ../..); \
done
make[3]: Entering directory '/home/larry/.opam/system/.opam-switch/build/camlp5.7.06/ocaml_src/lib'
/bin/rm -f *.cm[ioax] *.cmxa *.pp[io] *.[ao] *.obj *.lib *.bak .*.bak
/bin/rm -f gramlib.cma
make[3]: Leaving directory '/home/larry/.opam/system/.opam-switch/build/camlp5.7.06/ocaml_src/lib'
make[3]: Entering directory '/home/larry/.opam/system/.opam-switch/build/camlp5.7.06/ocaml_src/odyl'
/bin/rm -f *.cm* *.pp[io] *.[ao] *.obj *.lib *.bak .*.bak *.out *.opt
/bin/rm -f odyl_config.ml odyl
make[3]: Leaving directory '/home/larry/.opam/system/.opam-switch/build/camlp5.7.06/ocaml_src/odyl'
make[3]: Entering directory '/home/larry/.opam/system/.opam-switch/build/camlp5.7.06/ocaml_src/main'
/bin/rm -f *.cm* *.pp[io] *.[ao] *.obj *.lib *.bak .*.bak *.out *.opt
/bin/rm -f camlp5 crc.tmp
make[3]: Leaving directory '/home/larry/.opam/system/.opam-switch/build/camlp5.7.06/ocaml_src/main'
make[3]: Entering directory '/home/larry/.opam/system/.opam-switch/build/camlp5.7.06/ocaml_src/meta'
/bin/rm -f *.cm* *.pp[io] *.[ao] *.obj *.lib *.bak .*.bak q_MLast.cmo q_ast.cmo pa_r.cmo pa_rp.cmo pa_macro.cmo pa_fstream.cmo pa_extend.cmo pa_extend_m.cmo pr_dump.cmo pa_lexer.cmo camlp5r q_MLast.cmx q_ast.cmx pa_r.cmx pa_rp.cmx pa_macro.cmx pa_fstream.cmx pa_extend.cmx pa_extend_m.cmx pr_dump.cmx pa_lexer.cmx camlp5r.opt
make[3]: Leaving directory '/home/larry/.opam/system/.opam-switch/build/camlp5.7.06/ocaml_src/meta'
make[2]: Leaving directory '/home/larry/.opam/system/.opam-switch/build/camlp5.7.06'
make library_cold
make[2]: Entering directory '/home/larry/.opam/system/.opam-switch/build/camlp5.7.06'
set -e; cd ocaml_src/lib; make all; cd ../..
make[3]: Entering directory '/home/larry/.opam/system/.opam-switch/build/camlp5.7.06/ocaml_src/lib'
cat versdep.ml > versdep.ppo
ocamlc.opt -warn-error A -I +compiler-libs -c -impl versdep.ppo
/bin/rm -f versdep.ppo
cat ploc.mli > ploc.ppi
ocamlc.opt -warn-error A -I +compiler-libs -c -intf ploc.ppi
/bin/rm -f ploc.ppi
cat ploc.ml > ploc.ppo
ocamlc.opt -warn-error A -I +compiler-libs -c -impl ploc.ppo
/bin/rm -f ploc.ppo
cat plexing.mli > plexing.ppi
ocamlc.opt -warn-error A -I +compiler-libs -c -intf plexing.ppi
/bin/rm -f plexing.ppi
cat plexing.ml > plexing.ppo
ocamlc.opt -warn-error A -I +compiler-libs -c -impl plexing.ppo
/bin/rm -f plexing.ppo
cat plexer.mli > plexer.ppi
ocamlc.opt -warn-error A -I +compiler-libs -c -intf plexer.ppi
/bin/rm -f plexer.ppi
cat plexer.ml > plexer.ppo
ocamlc.opt -warn-error A -I +compiler-libs -c -impl plexer.ppo
/bin/rm -f plexer.ppo
cat fstream.mli > fstream.ppi
ocamlc.opt -warn-error A -I +compiler-libs -c -intf fstream.ppi
/bin/rm -f fstream.ppi
cat fstream.ml > fstream.ppo
ocamlc.opt -warn-error A -I +compiler-libs -c -impl fstream.ppo
/bin/rm -f fstream.ppo
cat gramext.mli > gramext.ppi
ocamlc.opt -warn-error A -I +compiler-libs -c -intf gramext.ppi
/bin/rm -f gramext.ppi
cat gramext.ml > gramext.ppo
ocamlc.opt -warn-error A -I +compiler-libs -c -impl gramext.ppo
/bin/rm -f gramext.ppo
cat grammar.mli > grammar.ppi
ocamlc.opt -warn-error A -I +compiler-libs -c -intf grammar.ppi
/bin/rm -f grammar.ppi
cat grammar.ml > grammar.ppo
ocamlc.opt -warn-error A -I +compiler-libs -c -impl grammar.ppo
/bin/rm -f grammar.ppo
cat diff.mli > diff.ppi
ocamlc.opt -warn-error A -I +compiler-libs -c -intf diff.ppi
/bin/rm -f diff.ppi
cat diff.ml > diff.ppo
ocamlc.opt -warn-error A -I +compiler-libs -c -impl diff.ppo
/bin/rm -f diff.ppo
cat extfold.mli > extfold.ppi
ocamlc.opt -warn-error A -I +compiler-libs -c -intf extfold.ppi
/bin/rm -f extfold.ppi
cat extfold.ml > extfold.ppo
ocamlc.opt -warn-error A -I +compiler-libs -c -impl extfold.ppo
/bin/rm -f extfold.ppo
cat extfun.mli > extfun.ppi
ocamlc.opt -warn-error A -I +compiler-libs -c -intf extfun.ppi
/bin/rm -f extfun.ppi
cat extfun.ml > extfun.ppo
ocamlc.opt -warn-error A -I +compiler-libs -c -impl extfun.ppo
/bin/rm -f extfun.ppo
cat pretty.mli > pretty.ppi
ocamlc.opt -warn-error A -I +compiler-libs -c -intf pretty.ppi
/bin/rm -f pretty.ppi
cat pretty.ml > pretty.ppo
ocamlc.opt -warn-error A -I +compiler-libs -c -impl pretty.ppo
/bin/rm -f pretty.ppo
cat pprintf.mli > pprintf.ppi
ocamlc.opt -warn-error A -I +compiler-libs -c -intf pprintf.ppi
/bin/rm -f pprintf.ppi
cat pprintf.ml > pprintf.ppo
ocamlc.opt -warn-error A -I +compiler-libs -c -impl pprintf.ppo
/bin/rm -f pprintf.ppo
cat eprinter.mli > eprinter.ppi
ocamlc.opt -warn-error A -I +compiler-libs -c -intf eprinter.ppi
/bin/rm -f eprinter.ppi
cat eprinter.ml > eprinter.ppo
ocamlc.opt -warn-error A -I +compiler-libs -c -impl eprinter.ppo
/bin/rm -f eprinter.ppo
cat stdpp.mli > stdpp.ppi
ocamlc.opt -warn-error A -I +compiler-libs -c -intf stdpp.ppi
/bin/rm -f stdpp.ppi
cat stdpp.ml > stdpp.ppo
ocamlc.opt -warn-error A -I +compiler-libs -c -impl stdpp.ppo
/bin/rm -f stdpp.ppo
cat token.mli > token.ppi
ocamlc.opt -warn-error A -I +compiler-libs -c -intf token.ppi
/bin/rm -f token.ppi
cat token.ml > token.ppo
ocamlc.opt -warn-error A -I +compiler-libs -c -impl token.ppo
/bin/rm -f token.ppo
ocamlc.opt versdep.cmo ploc.cmo plexing.cmo plexer.cmo fstream.cmo gramext.cmo grammar.cmo diff.cmo extfold.cmo extfun.cmo pretty.cmo pprintf.cmo eprinter.cmo stdpp.cmo token.cmo -a -o gramlib.cma
make[3]: Leaving directory '/home/larry/.opam/system/.opam-switch/build/camlp5.7.06/ocaml_src/lib'
set -e; cd ocaml_src/lib; make promote; cd ../..
make[3]: Entering directory '/home/larry/.opam/system/.opam-switch/build/camlp5.7.06/ocaml_src/lib'
cp versdep.cmo ploc.cmo plexing.cmo plexer.cmo fstream.cmo gramext.cmo grammar.cmo diff.cmo extfold.cmo extfun.cmo pretty.cmo pprintf.cmo eprinter.cmo stdpp.cmo token.cmo versdep.cmi ploc.cmi plexing.cmi plexer.cmi fstream.cmi gramext.cmi grammar.cmi diff.cmi extfold.cmi extfun.cmi pretty.cmi pprintf.cmi eprinter.cmi stdpp.cmi token.cmi ../../boot/.
make[3]: Leaving directory '/home/larry/.opam/system/.opam-switch/build/camlp5.7.06/ocaml_src/lib'
make[2]: Leaving directory '/home/larry/.opam/system/.opam-switch/build/camlp5.7.06'
make compile_cold
make[2]: Entering directory '/home/larry/.opam/system/.opam-switch/build/camlp5.7.06'
cd ocaml_src; set -e; \
for i in lib odyl main meta; do \
  cd $i; make all; cd ..; \
done; cd ..
make[3]: Entering directory '/home/larry/.opam/system/.opam-switch/build/camlp5.7.06/ocaml_src/lib'
make[3]: Nothing to be done for 'all'.
make[3]: Leaving directory '/home/larry/.opam/system/.opam-switch/build/camlp5.7.06/ocaml_src/lib'
make[3]: Entering directory '/home/larry/.opam/system/.opam-switch/build/camlp5.7.06/ocaml_src/odyl'
echo "let standard_library =" > odyl_config.ml
echo "  try Sys.getenv \"CAMLP5LIB\" with" >> odyl_config.ml
echo "    Not_found -> \"/home/larry/.opam/system/lib/camlp5\"" | \
sed -e 's|\\|/|g' >> odyl_config.ml
cat odyl_config.ml > odyl_config.ppo
ocamlc.opt -warn-error A -c -impl odyl_config.ppo
/bin/rm -f odyl_config.ppo
cat odyl_main.mli > odyl_main.ppi
ocamlc.opt -warn-error A -c -intf odyl_main.ppi
/bin/rm -f odyl_main.ppi
cat odyl_main.ml > odyl_main.ppo
ocamlc.opt -warn-error A -c -impl odyl_main.ppo
/bin/rm -f odyl_main.ppo
ocamlc.opt dynlink.cma odyl_config.cmo odyl_main.cmo -a -o odyl.cma
cat odyl.ml > odyl.ppo
ocamlc.opt -warn-error A -c -impl odyl.ppo
/bin/rm -f odyl.ppo
ocamlc.opt odyl.cma odyl.cmo -o odyl
make[3]: Leaving directory '/home/larry/.opam/system/.opam-switch/build/camlp5.7.06/ocaml_src/odyl'
make[3]: Entering directory '/home/larry/.opam/system/.opam-switch/build/camlp5.7.06/ocaml_src/main'
cat mLast.mli > mLast.ppi
ocamlc.opt -warn-error A -I ../odyl -I ../../boot -I ../../lib -I +compiler-libs -I ../../ocaml_stuff/4.05.0/utils -c -intf mLast.ppi
/bin/rm -f mLast.ppi
cat quotation.mli > quotation.ppi
ocamlc.opt -warn-error A -I ../odyl -I ../../boot -I ../../lib -I +compiler-libs -I ../../ocaml_stuff/4.05.0/utils -c -intf quotation.ppi
/bin/rm -f quotation.ppi
cat quotation.ml > quotation.ppo
ocamlc.opt -warn-error A -I ../odyl -I ../../boot -I ../../lib -I +compiler-libs -I ../../ocaml_stuff/4.05.0/utils -c -impl quotation.ppo
/bin/rm -f quotation.ppo
cat prtools.mli > prtools.ppi
ocamlc.opt -warn-error A -I ../odyl -I ../../boot -I ../../lib -I +compiler-libs -I ../../ocaml_stuff/4.05.0/utils -c -intf prtools.ppi
/bin/rm -f prtools.ppi
cat prtools.ml > prtools.ppo
ocamlc.opt -warn-error A -I ../odyl -I ../../boot -I ../../lib -I +compiler-libs -I ../../ocaml_stuff/4.05.0/utils -c -impl prtools.ppo
/bin/rm -f prtools.ppo
cat ast2pt.mli > ast2pt.ppi
ocamlc.opt -warn-error A -I ../odyl -I ../../boot -I ../../lib -I +compiler-libs -I ../../ocaml_stuff/4.05.0/utils -c -intf ast2pt.ppi
/bin/rm -f ast2pt.ppi
cat ast2pt.ml > ast2pt.ppo
ocamlc.opt -warn-error A -I ../odyl -I ../../boot -I ../../lib -I +compiler-libs -I ../../ocaml_stuff/4.05.0/utils -c -impl ast2pt.ppo
/bin/rm -f ast2pt.ppo
cat reloc.mli > reloc.ppi
ocamlc.opt -warn-error A -I ../odyl -I ../../boot -I ../../lib -I +compiler-libs -I ../../ocaml_stuff/4.05.0/utils -c -intf reloc.ppi
/bin/rm -f reloc.ppi
cat reloc.ml > reloc.ppo
ocamlc.opt -warn-error A -I ../odyl -I ../../boot -I ../../lib -I +compiler-libs -I ../../ocaml_stuff/4.05.0/utils -c -impl reloc.ppo
/bin/rm -f reloc.ppo
cat pcaml.mli > pcaml.ppi
ocamlc.opt -warn-error A -I ../odyl -I ../../boot -I ../../lib -I +compiler-libs -I ../../ocaml_stuff/4.05.0/utils -c -intf pcaml.ppi
/bin/rm -f pcaml.ppi
cat pcaml.ml > pcaml.ppo
ocamlc.opt -warn-error A -I ../odyl -I ../../boot -I ../../lib -I +compiler-libs -I ../../ocaml_stuff/4.05.0/utils -c -impl pcaml.ppo
/bin/rm -f pcaml.ppo
cat exparser.mli > exparser.ppi
ocamlc.opt -warn-error A -I ../odyl -I ../../boot -I ../../lib -I +compiler-libs -I ../../ocaml_stuff/4.05.0/utils -c -intf exparser.ppi
/bin/rm -f exparser.ppi
cat exparser.ml > exparser.ppo
ocamlc.opt -warn-error A -I ../odyl -I ../../boot -I ../../lib -I +compiler-libs -I ../../ocaml_stuff/4.05.0/utils -c -impl exparser.ppo
/bin/rm -f exparser.ppo
cat parserify.mli > parserify.ppi
ocamlc.opt -warn-error A -I ../odyl -I ../../boot -I ../../lib -I +compiler-libs -I ../../ocaml_stuff/4.05.0/utils -c -intf parserify.ppi
/bin/rm -f parserify.ppi
cat parserify.ml > parserify.ppo
ocamlc.opt -warn-error A -I ../odyl -I ../../boot -I ../../lib -I +compiler-libs -I ../../ocaml_stuff/4.05.0/utils -c -impl parserify.ppo
/bin/rm -f parserify.ppo
cat argl.mli > argl.ppi
ocamlc.opt -warn-error A -I ../odyl -I ../../boot -I ../../lib -I +compiler-libs -I ../../ocaml_stuff/4.05.0/utils -c -intf argl.ppi
/bin/rm -f argl.ppi
cat argl.ml > argl.ppo
ocamlc.opt -warn-error A -I ../odyl -I ../../boot -I ../../lib -I +compiler-libs -I ../../ocaml_stuff/4.05.0/utils -c -impl argl.ppo
/bin/rm -f argl.ppo
OTOPP=+compiler-libs OTOPU=../../ocaml_stuff/4.05.0/utils OVERSION=4.05.0 OLIBDIR="/usr/lib/ocaml" ../../tools/mkcrc.sh
ocamlc.opt -c -impl crc.tmp
cat main.ml > main.ppo
ocamlc.opt -warn-error A -I ../odyl -I ../../boot -I ../../lib -I +compiler-libs -I ../../ocaml_stuff/4.05.0/utils -c -impl main.ppo
/bin/rm -f main.ppo
ocamlc.opt -I ../odyl -I ../../boot -I ../../lib -I +compiler-libs -I ../../ocaml_stuff/4.05.0/utils ../../boot/versdep.cmo ../../boot/ploc.cmo ../../boot/plexing.cmo ../../boot/plexer.cmo ../../boot/fstream.cmo ../../boot/gramext.cmo ../../boot/grammar.cmo ../../boot/diff.cmo ../../boot/extfold.cmo ../../boot/extfun.cmo ../../boot/pretty.cmo ../../boot/pprintf.cmo ../../boot/eprinter.cmo ../../ocaml_stuff/4.05.0/utils/pconfig.cmo quotation.cmo prtools.cmo ast2pt.cmo reloc.cmo pcaml.cmo exparser.cmo parserify.cmo argl.cmo ../../boot/stdpp.cmo ../../boot/token.cmo crc.cmo main.cmo -a -o camlp5.cma
ocamlc.opt ../odyl/odyl.cma camlp5.cma ../odyl/odyl.cmo -linkall -o camlp5
make[3]: Leaving directory '/home/larry/.opam/system/.opam-switch/build/camlp5.7.06/ocaml_src/main'
make[3]: Entering directory '/home/larry/.opam/system/.opam-switch/build/camlp5.7.06/ocaml_src/meta'
cat q_MLast.ml > q_MLast.ppo
ocamlc.opt -warn-error A -I ../main -I ../../boot -I ../../lib -I ../../ocaml_stuff/4.05.0/utils -c -impl q_MLast.ppo
/bin/rm -f q_MLast.ppo
cat q_ast.ml > q_ast.ppo
ocamlc.opt -warn-error A -I ../main -I ../../boot -I ../../lib -I ../../ocaml_stuff/4.05.0/utils -c -impl q_ast.ppo
/bin/rm -f q_ast.ppo
cat pa_r.ml > pa_r.ppo
ocamlc.opt -warn-error A -I ../main -I ../../boot -I ../../lib -I ../../ocaml_stuff/4.05.0/utils -c -impl pa_r.ppo
/bin/rm -f pa_r.ppo
cat pa_rp.ml > pa_rp.ppo
ocamlc.opt -warn-error A -I ../main -I ../../boot -I ../../lib -I ../../ocaml_stuff/4.05.0/utils -c -impl pa_rp.ppo
/bin/rm -f pa_rp.ppo
cat pa_macro.ml > pa_macro.ppo
ocamlc.opt -warn-error A -I ../main -I ../../boot -I ../../lib -I ../../ocaml_stuff/4.05.0/utils -c -impl pa_macro.ppo
/bin/rm -f pa_macro.ppo
cat pa_fstream.ml > pa_fstream.ppo
ocamlc.opt -warn-error A -I ../main -I ../../boot -I ../../lib -I ../../ocaml_stuff/4.05.0/utils -c -impl pa_fstream.ppo
/bin/rm -f pa_fstream.ppo
cat pa_extend.ml > pa_extend.ppo
ocamlc.opt -warn-error A -I ../main -I ../../boot -I ../../lib -I ../../ocaml_stuff/4.05.0/utils -c -impl pa_extend.ppo
/bin/rm -f pa_extend.ppo
cat pa_extend_m.ml > pa_extend_m.ppo
ocamlc.opt -warn-error A -I ../main -I ../../boot -I ../../lib -I ../../ocaml_stuff/4.05.0/utils -c -impl pa_extend_m.ppo
/bin/rm -f pa_extend_m.ppo
cat pr_dump.ml > pr_dump.ppo
ocamlc.opt -warn-error A -I ../main -I ../../boot -I ../../lib -I ../../ocaml_stuff/4.05.0/utils -c -impl pr_dump.ppo
/bin/rm -f pr_dump.ppo
cat pa_lexer.ml > pa_lexer.ppo
ocamlc.opt -warn-error A -I ../main -I ../../boot -I ../../lib -I ../../ocaml_stuff/4.05.0/utils -c -impl pa_lexer.ppo
/bin/rm -f pa_lexer.ppo
/bin/rm -f camlp5r
cd ../main; make CAMLP5=../meta/camlp5r CAMLP5M="-I ../meta pa_r.cmo pa_rp.cmo pr_dump.cmo"
make[4]: Entering directory '/home/larry/.opam/system/.opam-switch/build/camlp5.7.06/ocaml_src/main'
ocamlc.opt ../odyl/odyl.cma camlp5.cma -I ../meta pa_r.cmo pa_rp.cmo pr_dump.cmo ../odyl/odyl.cmo -linkall -o ../meta/camlp5r
make[4]: Leaving directory '/home/larry/.opam/system/.opam-switch/build/camlp5.7.06/ocaml_src/main'
make[3]: Leaving directory '/home/larry/.opam/system/.opam-switch/build/camlp5.7.06/ocaml_src/meta'
make[2]: Leaving directory '/home/larry/.opam/system/.opam-switch/build/camlp5.7.06'
make promote_cold
make[2]: Entering directory '/home/larry/.opam/system/.opam-switch/build/camlp5.7.06'
for i in lib odyl main meta; do \
	(cd ocaml_src/$i; make promote; cd ../..); \
done
make[3]: Entering directory '/home/larry/.opam/system/.opam-switch/build/camlp5.7.06/ocaml_src/lib'
cp versdep.cmo ploc.cmo plexing.cmo plexer.cmo fstream.cmo gramext.cmo grammar.cmo diff.cmo extfold.cmo extfun.cmo pretty.cmo pprintf.cmo eprinter.cmo stdpp.cmo token.cmo versdep.cmi ploc.cmi plexing.cmi plexer.cmi fstream.cmi gramext.cmi grammar.cmi diff.cmi extfold.cmi extfun.cmi pretty.cmi pprintf.cmi eprinter.cmi stdpp.cmi token.cmi ../../boot/.
make[3]: Leaving directory '/home/larry/.opam/system/.opam-switch/build/camlp5.7.06/ocaml_src/lib'
make[3]: Entering directory '/home/larry/.opam/system/.opam-switch/build/camlp5.7.06/ocaml_src/odyl'
make[3]: Nothing to be done for 'promote'.
make[3]: Leaving directory '/home/larry/.opam/system/.opam-switch/build/camlp5.7.06/ocaml_src/odyl'
make[3]: Entering directory '/home/larry/.opam/system/.opam-switch/build/camlp5.7.06/ocaml_src/main'
cp camlp5 ../../boot/.
make[3]: Leaving directory '/home/larry/.opam/system/.opam-switch/build/camlp5.7.06/ocaml_src/main'
make[3]: Entering directory '/home/larry/.opam/system/.opam-switch/build/camlp5.7.06/ocaml_src/meta'
cp q_MLast.cmo q_ast.cmo pa_r.cmo pa_rp.cmo pa_macro.cmo pa_fstream.cmo pa_extend.cmo pa_extend_m.cmo pr_dump.cmo pa_lexer.cmo camlp5r pa_extend.cmi ../../boot/.
make[3]: Leaving directory '/home/larry/.opam/system/.opam-switch/build/camlp5.7.06/ocaml_src/meta'
make[2]: Leaving directory '/home/larry/.opam/system/.opam-switch/build/camlp5.7.06'
make clean_cold
make[2]: Entering directory '/home/larry/.opam/system/.opam-switch/build/camlp5.7.06'
for i in lib odyl main meta; do \
	(cd ocaml_src/$i; make clean; cd ../..); \
done
make[3]: Entering directory '/home/larry/.opam/system/.opam-switch/build/camlp5.7.06/ocaml_src/lib'
/bin/rm -f *.cm[ioax] *.cmxa *.pp[io] *.[ao] *.obj *.lib *.bak .*.bak
/bin/rm -f gramlib.cma
make[3]: Leaving directory '/home/larry/.opam/system/.opam-switch/build/camlp5.7.06/ocaml_src/lib'
make[3]: Entering directory '/home/larry/.opam/system/.opam-switch/build/camlp5.7.06/ocaml_src/odyl'
/bin/rm -f *.cm* *.pp[io] *.[ao] *.obj *.lib *.bak .*.bak *.out *.opt
/bin/rm -f odyl_config.ml odyl
make[3]: Leaving directory '/home/larry/.opam/system/.opam-switch/build/camlp5.7.06/ocaml_src/odyl'
make[3]: Entering directory '/home/larry/.opam/system/.opam-switch/build/camlp5.7.06/ocaml_src/main'
/bin/rm -f *.cm* *.pp[io] *.[ao] *.obj *.lib *.bak .*.bak *.out *.opt
/bin/rm -f camlp5 crc.tmp
make[3]: Leaving directory '/home/larry/.opam/system/.opam-switch/build/camlp5.7.06/ocaml_src/main'
make[3]: Entering directory '/home/larry/.opam/system/.opam-switch/build/camlp5.7.06/ocaml_src/meta'
/bin/rm -f *.cm* *.pp[io] *.[ao] *.obj *.lib *.bak .*.bak q_MLast.cmo q_ast.cmo pa_r.cmo pa_rp.cmo pa_macro.cmo pa_fstream.cmo pa_extend.cmo pa_extend_m.cmo pr_dump.cmo pa_lexer.cmo camlp5r q_MLast.cmx q_ast.cmx pa_r.cmx pa_rp.cmx pa_macro.cmx pa_fstream.cmx pa_extend.cmx pa_extend_m.cmx pr_dump.cmx pa_lexer.cmx camlp5r.opt
make[3]: Leaving directory '/home/larry/.opam/system/.opam-switch/build/camlp5.7.06/ocaml_src/meta'
make[2]: Leaving directory '/home/larry/.opam/system/.opam-switch/build/camlp5.7.06'
make clean_hot
make[2]: Entering directory '/home/larry/.opam/system/.opam-switch/build/camlp5.7.06'
cd ocaml_stuff; make clean; cd ..
make[3]: Entering directory '/home/larry/.opam/system/.opam-switch/build/camlp5.7.06/ocaml_stuff'
cd ./4.05.0/utils; \
make clean EXE=
make[4]: Entering directory '/home/larry/.opam/system/.opam-switch/build/camlp5.7.06/ocaml_stuff/4.05.0/utils'
rm -f *.cm[oix] *.o
make[4]: Leaving directory '/home/larry/.opam/system/.opam-switch/build/camlp5.7.06/ocaml_stuff/4.05.0/utils'
if [ "+compiler-libs" != "+compiler-libs" ]; then \
  cd ./4.05.0/parsing; \
  make clean EXE=; \
fi
make[3]: Leaving directory '/home/larry/.opam/system/.opam-switch/build/camlp5.7.06/ocaml_stuff'
for i in lib odyl main meta etc top ocpp man compile; do (cd $i; make clean; cd ..); done
make[3]: Entering directory '/home/larry/.opam/system/.opam-switch/build/camlp5.7.06/lib'
/bin/rm -f *.cm[ioax] *.cmxa *.pp[io] *.[ao] *.obj *.lib *.bak .*.bak
/bin/rm -f gramlib.cma
make[3]: Leaving directory '/home/larry/.opam/system/.opam-switch/build/camlp5.7.06/lib'
make[3]: Entering directory '/home/larry/.opam/system/.opam-switch/build/camlp5.7.06/odyl'
/bin/rm -f *.cm* *.pp[io] *.[ao] *.obj *.lib *.bak .*.bak *.out *.opt
/bin/rm -f odyl_config.ml odyl
make[3]: Leaving directory '/home/larry/.opam/system/.opam-switch/build/camlp5.7.06/odyl'
make[3]: Entering directory '/home/larry/.opam/system/.opam-switch/build/camlp5.7.06/main'
/bin/rm -f *.cm* *.pp[io] *.[ao] *.obj *.lib *.bak .*.bak *.out *.opt
/bin/rm -f camlp5 crc.tmp
make[3]: Leaving directory '/home/larry/.opam/system/.opam-switch/build/camlp5.7.06/main'
make[3]: Entering directory '/home/larry/.opam/system/.opam-switch/build/camlp5.7.06/meta'
/bin/rm -f *.cm* *.pp[io] *.[ao] *.obj *.lib *.bak .*.bak q_MLast.cmo q_ast.cmo pa_r.cmo pa_rp.cmo pa_macro.cmo pa_fstream.cmo pa_extend.cmo pa_extend_m.cmo pr_dump.cmo pa_lexer.cmo camlp5r q_MLast.cmx q_ast.cmx pa_r.cmx pa_rp.cmx pa_macro.cmx pa_fstream.cmx pa_extend.cmx pa_extend_m.cmx pr_dump.cmx pa_lexer.cmx camlp5r.opt
make[3]: Leaving directory '/home/larry/.opam/system/.opam-switch/build/camlp5.7.06/meta'
make[3]: Entering directory '/home/larry/.opam/system/.opam-switch/build/camlp5.7.06/etc'
/bin/rm -f *.cm* *.pp[io] *.[ao] *.obj *.lib *.bak .*.bak *.out *.opt
/bin/rm -f mkcamlp5.sh mkcamlp5.opt.sh camlp5o camlp5sch
/bin/rm -f META
make[3]: Leaving directory '/home/larry/.opam/system/.opam-switch/build/camlp5.7.06/etc'
make[3]: Entering directory '/home/larry/.opam/system/.opam-switch/build/camlp5.7.06/top'
/bin/rm -f *.cm[ioa] *.pp[io] *.[ao] *.obj *.lib *.bak .*.bak camlp5o.cma camlp5r.cma camlp5sch.cma camlp5_top.cma
make[3]: Leaving directory '/home/larry/.opam/system/.opam-switch/build/camlp5.7.06/top'
make[3]: Entering directory '/home/larry/.opam/system/.opam-switch/build/camlp5.7.06/ocpp'
/bin/rm -f *.cm[ioa] *.pp[io] *.[ao] *.obj *.lib *.out *.bak .*.bak
/bin/rm -f ocpp
make[3]: Leaving directory '/home/larry/.opam/system/.opam-switch/build/camlp5.7.06/ocpp'
make[3]: Entering directory '/home/larry/.opam/system/.opam-switch/build/camlp5.7.06/man'
/bin/rm -f camlp5.1
make[3]: Leaving directory '/home/larry/.opam/system/.opam-switch/build/camlp5.7.06/man'
make[3]: Entering directory '/home/larry/.opam/system/.opam-switch/build/camlp5.7.06/compile'
/bin/rm -f *.cm* *.pp[io] *.[oa] *.lib *.obj *.bak .*.bak *.out *.opt
/bin/rm -f *.fast tmp.* pa_*_fast.ml *_fast.ml.tmp
make[3]: Leaving directory '/home/larry/.opam/system/.opam-switch/build/camlp5.7.06/compile'
make[2]: Leaving directory '/home/larry/.opam/system/.opam-switch/build/camlp5.7.06'
make library
make[2]: Entering directory '/home/larry/.opam/system/.opam-switch/build/camlp5.7.06'
set -e; cd ocaml_stuff; make; cd ..
make[3]: Entering directory '/home/larry/.opam/system/.opam-switch/build/camlp5.7.06/ocaml_stuff'
cd ./4.05.0/utils; \
make all EXE= OCAMLN=ocaml
make[4]: Entering directory '/home/larry/.opam/system/.opam-switch/build/camlp5.7.06/ocaml_stuff/4.05.0/utils'
ocamlc  -c warnings.mli
ocamlc  -c pconfig.mli
ocamlc  -c pconfig.ml
make[4]: Leaving directory '/home/larry/.opam/system/.opam-switch/build/camlp5.7.06/ocaml_stuff/4.05.0/utils'
if [ "+compiler-libs" != "+compiler-libs" ]; then \
  cd ./4.05.0/parsing; \
  make all EXE= OCAMLN=ocaml; \
fi
make[3]: Leaving directory '/home/larry/.opam/system/.opam-switch/build/camlp5.7.06/ocaml_stuff'
set -e; cd lib; make all; cd ..
make[3]: Entering directory '/home/larry/.opam/system/.opam-switch/build/camlp5.7.06/lib'
ocamlrun ../boot/camlp5r -nolib -I ../boot pa_macro.cmo -mode S -o versdep.ppo versdep.ml
ocamlc.opt -warn-error A -I +compiler-libs -c -impl versdep.ppo
/bin/rm -f versdep.ppo
ocamlrun ../boot/camlp5r -nolib -I ../boot -mode S -o ploc.ppi ploc.mli
ocamlc.opt -warn-error A -I +compiler-libs -c -intf ploc.ppi
/bin/rm -f ploc.ppi
ocamlrun ../boot/camlp5r -nolib -I ../boot -mode S -o ploc.ppo ploc.ml
ocamlc.opt -warn-error A -I +compiler-libs -c -impl ploc.ppo
/bin/rm -f ploc.ppo
ocamlrun ../boot/camlp5r -nolib -I ../boot -mode S -o plexing.ppi plexing.mli
ocamlc.opt -warn-error A -I +compiler-libs -c -intf plexing.ppi
/bin/rm -f plexing.ppi
ocamlrun ../boot/camlp5r -nolib -I ../boot -mode S -o plexing.ppo plexing.ml
ocamlc.opt -warn-error A -I +compiler-libs -c -impl plexing.ppo
/bin/rm -f plexing.ppo
ocamlrun ../boot/camlp5r -nolib -I ../boot -mode S -o plexer.ppi plexer.mli
ocamlc.opt -warn-error A -I +compiler-libs -c -intf plexer.ppi
/bin/rm -f plexer.ppi
ocamlrun ../boot/camlp5r -nolib -I ../boot -mode S -o plexer.ppo plexer.ml
ocamlc.opt -warn-error A -I +compiler-libs -c -impl plexer.ppo
/bin/rm -f plexer.ppo
ocamlrun ../boot/camlp5r -nolib -I ../boot -mode S -o fstream.ppi fstream.mli
ocamlc.opt -warn-error A -I +compiler-libs -c -intf fstream.ppi
/bin/rm -f fstream.ppi
ocamlrun ../boot/camlp5r -nolib -I ../boot -mode S -o fstream.ppo fstream.ml
ocamlc.opt -warn-error A -I +compiler-libs -c -impl fstream.ppo
/bin/rm -f fstream.ppo
ocamlrun ../boot/camlp5r -nolib -I ../boot -mode S -o gramext.ppi gramext.mli
ocamlc.opt -warn-error A -I +compiler-libs -c -intf gramext.ppi
/bin/rm -f gramext.ppi
ocamlrun ../boot/camlp5r -nolib -I ../boot -mode S -o gramext.ppo gramext.ml
ocamlc.opt -warn-error A -I +compiler-libs -c -impl gramext.ppo
/bin/rm -f gramext.ppo
ocamlrun ../boot/camlp5r -nolib -I ../boot -mode S -o grammar.ppi grammar.mli
ocamlc.opt -warn-error A -I +compiler-libs -c -intf grammar.ppi
/bin/rm -f grammar.ppi
ocamlrun ../boot/camlp5r -nolib -I ../boot -mode S -o grammar.ppo grammar.ml
ocamlc.opt -warn-error A -I +compiler-libs -c -impl grammar.ppo
/bin/rm -f grammar.ppo
ocamlrun ../boot/camlp5r -nolib -I ../boot -mode S -o diff.ppi diff.mli
ocamlc.opt -warn-error A -I +compiler-libs -c -intf diff.ppi
/bin/rm -f diff.ppi
ocamlrun ../boot/camlp5r -nolib -I ../boot -mode S -o diff.ppo diff.ml
ocamlc.opt -warn-error A -I +compiler-libs -c -impl diff.ppo
/bin/rm -f diff.ppo
ocamlrun ../boot/camlp5r -nolib -I ../boot -mode S -o extfold.ppi extfold.mli
ocamlc.opt -warn-error A -I +compiler-libs -c -intf extfold.ppi
/bin/rm -f extfold.ppi
ocamlrun ../boot/camlp5r -nolib -I ../boot -mode S -o extfold.ppo extfold.ml
ocamlc.opt -warn-error A -I +compiler-libs -c -impl extfold.ppo
/bin/rm -f extfold.ppo
ocamlrun ../boot/camlp5r -nolib -I ../boot -mode S -o extfun.ppi extfun.mli
ocamlc.opt -warn-error A -I +compiler-libs -c -intf extfun.ppi
/bin/rm -f extfun.ppi
ocamlrun ../boot/camlp5r -nolib -I ../boot -mode S -o extfun.ppo extfun.ml
ocamlc.opt -warn-error A -I +compiler-libs -c -impl extfun.ppo
/bin/rm -f extfun.ppo
ocamlrun ../boot/camlp5r -nolib -I ../boot -mode S -o pretty.ppi pretty.mli
ocamlc.opt -warn-error A -I +compiler-libs -c -intf pretty.ppi
/bin/rm -f pretty.ppi
ocamlrun ../boot/camlp5r -nolib -I ../boot -mode S -o pretty.ppo pretty.ml
ocamlc.opt -warn-error A -I +compiler-libs -c -impl pretty.ppo
/bin/rm -f pretty.ppo
ocamlrun ../boot/camlp5r -nolib -I ../boot -mode S -o pprintf.ppi pprintf.mli
ocamlc.opt -warn-error A -I +compiler-libs -c -intf pprintf.ppi
/bin/rm -f pprintf.ppi
ocamlrun ../boot/camlp5r -nolib -I ../boot -mode S -o pprintf.ppo pprintf.ml
ocamlc.opt -warn-error A -I +compiler-libs -c -impl pprintf.ppo
/bin/rm -f pprintf.ppo
ocamlrun ../boot/camlp5r -nolib -I ../boot -mode S -o eprinter.ppi eprinter.mli
ocamlc.opt -warn-error A -I +compiler-libs -c -intf eprinter.ppi
/bin/rm -f eprinter.ppi
ocamlrun ../boot/camlp5r -nolib -I ../boot -mode S -o eprinter.ppo eprinter.ml
ocamlc.opt -warn-error A -I +compiler-libs -c -impl eprinter.ppo
/bin/rm -f eprinter.ppo
ocamlrun ../boot/camlp5r -nolib -I ../boot -mode S -o stdpp.ppi stdpp.mli
ocamlc.opt -warn-error A -I +compiler-libs -c -intf stdpp.ppi
/bin/rm -f stdpp.ppi
ocamlrun ../boot/camlp5r -nolib -I ../boot -mode S -o stdpp.ppo stdpp.ml
ocamlc.opt -warn-error A -I +compiler-libs -c -impl stdpp.ppo
/bin/rm -f stdpp.ppo
ocamlrun ../boot/camlp5r -nolib -I ../boot -mode S -o token.ppi token.mli
ocamlc.opt -warn-error A -I +compiler-libs -c -intf token.ppi
/bin/rm -f token.ppi
ocamlrun ../boot/camlp5r -nolib -I ../boot -mode S -o token.ppo token.ml
ocamlc.opt -warn-error A -I +compiler-libs -c -impl token.ppo
/bin/rm -f token.ppo
ocamlc.opt versdep.cmo ploc.cmo plexing.cmo plexer.cmo fstream.cmo gramext.cmo grammar.cmo diff.cmo extfold.cmo extfun.cmo pretty.cmo pprintf.cmo eprinter.cmo stdpp.cmo token.cmo -a -o gramlib.cma
make[3]: Leaving directory '/home/larry/.opam/system/.opam-switch/build/camlp5.7.06/lib'
set -e; cd lib; make promote; cd ..
make[3]: Entering directory '/home/larry/.opam/system/.opam-switch/build/camlp5.7.06/lib'
cp versdep.cmo ploc.cmo plexing.cmo plexer.cmo fstream.cmo gramext.cmo grammar.cmo diff.cmo extfold.cmo extfun.cmo pretty.cmo pprintf.cmo eprinter.cmo stdpp.cmo token.cmo versdep.cmi ploc.cmi plexing.cmi plexer.cmi fstream.cmi gramext.cmi grammar.cmi diff.cmi extfold.cmi extfun.cmi pretty.cmi pprintf.cmi eprinter.cmi stdpp.cmi token.cmi ../boot/.
make[3]: Leaving directory '/home/larry/.opam/system/.opam-switch/build/camlp5.7.06/lib'
make[2]: Leaving directory '/home/larry/.opam/system/.opam-switch/build/camlp5.7.06'
cd ocaml_stuff; make all; cd ..
make[2]: Entering directory '/home/larry/.opam/system/.opam-switch/build/camlp5.7.06/ocaml_stuff'
cd ./4.05.0/utils; \
make all EXE= OCAMLN=ocaml
make[3]: Entering directory '/home/larry/.opam/system/.opam-switch/build/camlp5.7.06/ocaml_stuff/4.05.0/utils'
make[3]: Nothing to be done for 'all'.
make[3]: Leaving directory '/home/larry/.opam/system/.opam-switch/build/camlp5.7.06/ocaml_stuff/4.05.0/utils'
if [ "+compiler-libs" != "+compiler-libs" ]; then \
  cd ./4.05.0/parsing; \
  make all EXE= OCAMLN=ocaml; \
fi
make[2]: Leaving directory '/home/larry/.opam/system/.opam-switch/build/camlp5.7.06/ocaml_stuff'
set -e; for i in lib odyl main meta; do cd $i; make all; cd ..; done
make[2]: Entering directory '/home/larry/.opam/system/.opam-switch/build/camlp5.7.06/lib'
make[2]: Nothing to be done for 'all'.
make[2]: Leaving directory '/home/larry/.opam/system/.opam-switch/build/camlp5.7.06/lib'
make[2]: Entering directory '/home/larry/.opam/system/.opam-switch/build/camlp5.7.06/odyl'
echo "let standard_library =" > odyl_config.ml
echo "  try Sys.getenv \"CAMLP5LIB\" with" >> odyl_config.ml
echo "    Not_found -> \"/home/larry/.opam/system/lib/camlp5\"" | \
sed -e 's|\\|/|g' >> odyl_config.ml
cp odyl_config.ml odyl_config.ppo
cat odyl_config.ml > odyl_config.ppo
ocamlc.opt -warn-error A -c -impl odyl_config.ppo
/bin/rm -f odyl_config.ppo
ocamlrun ../boot/camlp5r -nolib -I ../boot -mode S -o odyl_main.ppi odyl_main.mli
ocamlc.opt -warn-error A -c -intf odyl_main.ppi
/bin/rm -f odyl_main.ppi
ocamlrun ../boot/camlp5r -nolib -I ../boot pa_macro.cmo -mode S -o odyl_main.ppo odyl_main.ml
ocamlc.opt -warn-error A -c -impl odyl_main.ppo
/bin/rm -f odyl_main.ppo
ocamlc.opt dynlink.cma odyl_config.cmo odyl_main.cmo -a -o odyl.cma
ocamlrun ../boot/camlp5r -nolib -I ../boot -mode S -o odyl.ppo odyl.ml
ocamlc.opt -warn-error A -c -impl odyl.ppo
/bin/rm -f odyl.ppo
ocamlc.opt odyl.cma odyl.cmo -o odyl
make[2]: Leaving directory '/home/larry/.opam/system/.opam-switch/build/camlp5.7.06/odyl'
make[2]: Entering directory '/home/larry/.opam/system/.opam-switch/build/camlp5.7.06/main'
ocamlrun ../boot/camlp5r -nolib -I ../boot -mode S -o mLast.ppi mLast.mli
ocamlc.opt -warn-error A -I ../odyl -I ../boot -I ../lib -I +compiler-libs -I ../ocaml_stuff/4.05.0/utils -c -intf mLast.ppi
/bin/rm -f mLast.ppi
ocamlrun ../boot/camlp5r -nolib -I ../boot -mode S -o quotation.ppi quotation.mli
ocamlc.opt -warn-error A -I ../odyl -I ../boot -I ../lib -I +compiler-libs -I ../ocaml_stuff/4.05.0/utils -c -intf quotation.ppi
/bin/rm -f quotation.ppi
ocamlrun ../boot/camlp5r -nolib -I ../boot -mode S -o quotation.ppo quotation.ml
ocamlc.opt -warn-error A -I ../odyl -I ../boot -I ../lib -I +compiler-libs -I ../ocaml_stuff/4.05.0/utils -c -impl quotation.ppo
/bin/rm -f quotation.ppo
ocamlrun ../boot/camlp5r -nolib -I ../boot -mode S -o prtools.ppi prtools.mli
ocamlc.opt -warn-error A -I ../odyl -I ../boot -I ../lib -I +compiler-libs -I ../ocaml_stuff/4.05.0/utils -c -intf prtools.ppi
/bin/rm -f prtools.ppi
ocamlrun ../boot/camlp5r -nolib -I ../boot -mode S -o prtools.ppo prtools.ml
ocamlc.opt -warn-error A -I ../odyl -I ../boot -I ../lib -I +compiler-libs -I ../ocaml_stuff/4.05.0/utils -c -impl prtools.ppo
/bin/rm -f prtools.ppo
ocamlrun ../boot/camlp5r -nolib -I ../boot -mode S -o ast2pt.ppi ast2pt.mli
ocamlc.opt -warn-error A -I ../odyl -I ../boot -I ../lib -I +compiler-libs -I ../ocaml_stuff/4.05.0/utils -c -intf ast2pt.ppi
/bin/rm -f ast2pt.ppi
ocamlrun ../boot/camlp5r -nolib -I ../boot -mode S -o ast2pt.ppo ast2pt.ml
ocamlc.opt -warn-error A -I ../odyl -I ../boot -I ../lib -I +compiler-libs -I ../ocaml_stuff/4.05.0/utils -c -impl ast2pt.ppo
/bin/rm -f ast2pt.ppo
ocamlrun ../boot/camlp5r -nolib -I ../boot -mode S -o reloc.ppi reloc.mli
ocamlc.opt -warn-error A -I ../odyl -I ../boot -I ../lib -I +compiler-libs -I ../ocaml_stuff/4.05.0/utils -c -intf reloc.ppi
/bin/rm -f reloc.ppi
ocamlrun ../boot/camlp5r -nolib -I ../boot -mode S -o reloc.ppo reloc.ml
ocamlc.opt -warn-error A -I ../odyl -I ../boot -I ../lib -I +compiler-libs -I ../ocaml_stuff/4.05.0/utils -c -impl reloc.ppo
/bin/rm -f reloc.ppo
ocamlrun ../boot/camlp5r -nolib -I ../boot -mode S -o pcaml.ppi pcaml.mli
ocamlc.opt -warn-error A -I ../odyl -I ../boot -I ../lib -I +compiler-libs -I ../ocaml_stuff/4.05.0/utils -c -intf pcaml.ppi
/bin/rm -f pcaml.ppi
ocamlrun ../boot/camlp5r -nolib -I ../boot -mode S -o pcaml.ppo pcaml.ml
ocamlc.opt -warn-error A -I ../odyl -I ../boot -I ../lib -I +compiler-libs -I ../ocaml_stuff/4.05.0/utils -c -impl pcaml.ppo
/bin/rm -f pcaml.ppo
ocamlrun ../boot/camlp5r -nolib -I ../boot -mode S -o exparser.ppi exparser.mli
ocamlc.opt -warn-error A -I ../odyl -I ../boot -I ../lib -I +compiler-libs -I ../ocaml_stuff/4.05.0/utils -c -intf exparser.ppi
/bin/rm -f exparser.ppi
ocamlrun ../boot/camlp5r -nolib -I ../boot -mode S -o exparser.ppo exparser.ml
ocamlc.opt -warn-error A -I ../odyl -I ../boot -I ../lib -I +compiler-libs -I ../ocaml_stuff/4.05.0/utils -c -impl exparser.ppo
/bin/rm -f exparser.ppo
ocamlrun ../boot/camlp5r -nolib -I ../boot -mode S -o parserify.ppi parserify.mli
ocamlc.opt -warn-error A -I ../odyl -I ../boot -I ../lib -I +compiler-libs -I ../ocaml_stuff/4.05.0/utils -c -intf parserify.ppi
/bin/rm -f parserify.ppi
ocamlrun ../boot/camlp5r -nolib -I ../boot -mode S -o parserify.ppo parserify.ml
ocamlc.opt -warn-error A -I ../odyl -I ../boot -I ../lib -I +compiler-libs -I ../ocaml_stuff/4.05.0/utils -c -impl parserify.ppo
/bin/rm -f parserify.ppo
ocamlrun ../boot/camlp5r -nolib -I ../boot -mode S -o argl.ppi argl.mli
ocamlc.opt -warn-error A -I ../odyl -I ../boot -I ../lib -I +compiler-libs -I ../ocaml_stuff/4.05.0/utils -c -intf argl.ppi
/bin/rm -f argl.ppi
ocamlrun ../boot/camlp5r -nolib -I ../boot -mode S -o argl.ppo argl.ml
ocamlc.opt -warn-error A -I ../odyl -I ../boot -I ../lib -I +compiler-libs -I ../ocaml_stuff/4.05.0/utils -c -impl argl.ppo
/bin/rm -f argl.ppo
OTOPP=+compiler-libs OTOPU=../ocaml_stuff/4.05.0/utils OVERSION=4.05.0 OLIBDIR="/usr/lib/ocaml" ../tools/mkcrc.sh
ocamlc.opt -c -impl crc.tmp
ocamlrun ../boot/camlp5r -nolib -I ../boot -mode S -o main.ppo main.ml
ocamlc.opt -warn-error A -I ../odyl -I ../boot -I ../lib -I +compiler-libs -I ../ocaml_stuff/4.05.0/utils -c -impl main.ppo
/bin/rm -f main.ppo
ocamlc.opt -I ../odyl -I ../boot -I ../lib -I +compiler-libs -I ../ocaml_stuff/4.05.0/utils ../boot/versdep.cmo ../boot/ploc.cmo ../boot/plexing.cmo ../boot/plexer.cmo ../boot/fstream.cmo ../boot/gramext.cmo ../boot/grammar.cmo ../boot/diff.cmo ../boot/extfold.cmo ../boot/extfun.cmo ../boot/pretty.cmo ../boot/pprintf.cmo ../boot/eprinter.cmo ../ocaml_stuff/4.05.0/utils/pconfig.cmo quotation.cmo prtools.cmo ast2pt.cmo reloc.cmo pcaml.cmo exparser.cmo parserify.cmo argl.cmo ../boot/stdpp.cmo ../boot/token.cmo crc.cmo main.cmo -a -o camlp5.cma
ocamlc.opt ../odyl/odyl.cma camlp5.cma ../odyl/odyl.cmo -linkall -o camlp5
make[2]: Leaving directory '/home/larry/.opam/system/.opam-switch/build/camlp5.7.06/main'
make[2]: Entering directory '/home/larry/.opam/system/.opam-switch/build/camlp5.7.06/meta'
ocamlrun ../boot/camlp5r -nolib -I ../boot -mode S -o q_MLast.ppo q_MLast.ml
ocamlc.opt -warn-error A -I ../main -I ../boot -I ../lib -I ../ocaml_stuff/4.05.0/utils -c -impl q_MLast.ppo
/bin/rm -f q_MLast.ppo
ocamlrun ../boot/camlp5r -nolib -I ../boot -mode S -o q_ast.ppo q_ast.ml
ocamlc.opt -warn-error A -I ../main -I ../boot -I ../lib -I ../ocaml_stuff/4.05.0/utils -c -impl q_ast.ppo
/bin/rm -f q_ast.ppo
ocamlrun ../boot/camlp5r -nolib -I ../boot -mode S -o pa_r.ppo pa_r.ml
ocamlc.opt -warn-error A -I ../main -I ../boot -I ../lib -I ../ocaml_stuff/4.05.0/utils -c -impl pa_r.ppo
/bin/rm -f pa_r.ppo
ocamlrun ../boot/camlp5r -nolib -I ../boot -mode S -o pa_rp.ppo pa_rp.ml
ocamlc.opt -warn-error A -I ../main -I ../boot -I ../lib -I ../ocaml_stuff/4.05.0/utils -c -impl pa_rp.ppo
/bin/rm -f pa_rp.ppo
ocamlrun ../boot/camlp5r -nolib -I ../boot -mode S -o pa_macro.ppo pa_macro.ml
ocamlc.opt -warn-error A -I ../main -I ../boot -I ../lib -I ../ocaml_stuff/4.05.0/utils -c -impl pa_macro.ppo
/bin/rm -f pa_macro.ppo
ocamlrun ../boot/camlp5r -nolib -I ../boot -mode S -o pa_fstream.ppo pa_fstream.ml
ocamlc.opt -warn-error A -I ../main -I ../boot -I ../lib -I ../ocaml_stuff/4.05.0/utils -c -impl pa_fstream.ppo
/bin/rm -f pa_fstream.ppo
ocamlrun ../boot/camlp5r -nolib -I ../boot -mode S -o pa_extend.ppo pa_extend.ml
ocamlc.opt -warn-error A -I ../main -I ../boot -I ../lib -I ../ocaml_stuff/4.05.0/utils -c -impl pa_extend.ppo
/bin/rm -f pa_extend.ppo
ocamlrun ../boot/camlp5r -nolib -I ../boot -mode S -o pa_extend_m.ppo pa_extend_m.ml
ocamlc.opt -warn-error A -I ../main -I ../boot -I ../lib -I ../ocaml_stuff/4.05.0/utils -c -impl pa_extend_m.ppo
/bin/rm -f pa_extend_m.ppo
ocamlrun ../boot/camlp5r -nolib -I ../boot -mode S -o pr_dump.ppo pr_dump.ml
ocamlc.opt -warn-error A -I ../main -I ../boot -I ../lib -I ../ocaml_stuff/4.05.0/utils -c -impl pr_dump.ppo
/bin/rm -f pr_dump.ppo
ocamlrun ../boot/camlp5r -nolib -I ../boot -mode S -o pa_lexer.ppo pa_lexer.ml
ocamlc.opt -warn-error A -I ../main -I ../boot -I ../lib -I ../ocaml_stuff/4.05.0/utils -c -impl pa_lexer.ppo
/bin/rm -f pa_lexer.ppo
/bin/rm -f camlp5r
cd ../main; make CAMLP5=../meta/camlp5r CAMLP5M="-I ../meta pa_r.cmo pa_rp.cmo pr_dump.cmo"
make[3]: Entering directory '/home/larry/.opam/system/.opam-switch/build/camlp5.7.06/main'
ocamlc.opt ../odyl/odyl.cma camlp5.cma -I ../meta pa_r.cmo pa_rp.cmo pr_dump.cmo ../odyl/odyl.cmo -linkall -o ../meta/camlp5r
make[3]: Leaving directory '/home/larry/.opam/system/.opam-switch/build/camlp5.7.06/main'
make[2]: Leaving directory '/home/larry/.opam/system/.opam-switch/build/camlp5.7.06/meta'
make[1]: Leaving directory '/home/larry/.opam/system/.opam-switch/build/camlp5.7.06'
make compare_test || make coreboot
make[1]: Entering directory '/home/larry/.opam/system/.opam-switch/build/camlp5.7.06'
make[2]: Entering directory '/home/larry/.opam/system/.opam-switch/build/camlp5.7.06/lib'
make[2]: Leaving directory '/home/larry/.opam/system/.opam-switch/build/camlp5.7.06/lib'
make[2]: Entering directory '/home/larry/.opam/system/.opam-switch/build/camlp5.7.06/odyl'
make[2]: Nothing to be done for 'compare'.
make[2]: Leaving directory '/home/larry/.opam/system/.opam-switch/build/camlp5.7.06/odyl'
make[2]: Entering directory '/home/larry/.opam/system/.opam-switch/build/camlp5.7.06/main'
camlp5 ../boot/camlp5 differ: byte 624701, line 4934
Makefile:56: recipe for target 'compare' failed
make[2]: Leaving directory '/home/larry/.opam/system/.opam-switch/build/camlp5.7.06/main'
Makefile:115: recipe for target 'compare_test' failed
make[1]: *** [compare_test] Error 1
make[1]: Leaving directory '/home/larry/.opam/system/.opam-switch/build/camlp5.7.06'
make[1]: Entering directory '/home/larry/.opam/system/.opam-switch/build/camlp5.7.06'
make backup
make[2]: Entering directory '/home/larry/.opam/system/.opam-switch/build/camlp5.7.06'
mkdir boot.new
make mv_git FROM=boot TO=boot.new
make[3]: Entering directory '/home/larry/.opam/system/.opam-switch/build/camlp5.7.06'
test ! -f boot/.gitignore || mv boot/.gitignore boot.new/.
make[3]: Leaving directory '/home/larry/.opam/system/.opam-switch/build/camlp5.7.06'
mv boot boot.new/SAVED
mv boot.new boot
make[2]: Leaving directory '/home/larry/.opam/system/.opam-switch/build/camlp5.7.06'
make promote
make[2]: Entering directory '/home/larry/.opam/system/.opam-switch/build/camlp5.7.06'
for i in lib odyl main meta; do (cd $i; make promote; cd ..); done
make[3]: Entering directory '/home/larry/.opam/system/.opam-switch/build/camlp5.7.06/lib'
cp versdep.cmo ploc.cmo plexing.cmo plexer.cmo fstream.cmo gramext.cmo grammar.cmo diff.cmo extfold.cmo extfun.cmo pretty.cmo pprintf.cmo eprinter.cmo stdpp.cmo token.cmo versdep.cmi ploc.cmi plexing.cmi plexer.cmi fstream.cmi gramext.cmi grammar.cmi diff.cmi extfold.cmi extfun.cmi pretty.cmi pprintf.cmi eprinter.cmi stdpp.cmi token.cmi ../boot/.
make[3]: Leaving directory '/home/larry/.opam/system/.opam-switch/build/camlp5.7.06/lib'
make[3]: Entering directory '/home/larry/.opam/system/.opam-switch/build/camlp5.7.06/odyl'
make[3]: Nothing to be done for 'promote'.
make[3]: Leaving directory '/home/larry/.opam/system/.opam-switch/build/camlp5.7.06/odyl'
make[3]: Entering directory '/home/larry/.opam/system/.opam-switch/build/camlp5.7.06/main'
cp camlp5 ../boot/.
make[3]: Leaving directory '/home/larry/.opam/system/.opam-switch/build/camlp5.7.06/main'
make[3]: Entering directory '/home/larry/.opam/system/.opam-switch/build/camlp5.7.06/meta'
cp q_MLast.cmo q_ast.cmo pa_r.cmo pa_rp.cmo pa_macro.cmo pa_fstream.cmo pa_extend.cmo pa_extend_m.cmo pr_dump.cmo pa_lexer.cmo camlp5r pa_extend.cmi ../boot/.
make[3]: Leaving directory '/home/larry/.opam/system/.opam-switch/build/camlp5.7.06/meta'
make[2]: Leaving directory '/home/larry/.opam/system/.opam-switch/build/camlp5.7.06'
make clean_hot
make[2]: Entering directory '/home/larry/.opam/system/.opam-switch/build/camlp5.7.06'
cd ocaml_stuff; make clean; cd ..
make[3]: Entering directory '/home/larry/.opam/system/.opam-switch/build/camlp5.7.06/ocaml_stuff'
cd ./4.05.0/utils; \
make clean EXE=
make[4]: Entering directory '/home/larry/.opam/system/.opam-switch/build/camlp5.7.06/ocaml_stuff/4.05.0/utils'
rm -f *.cm[oix] *.o
make[4]: Leaving directory '/home/larry/.opam/system/.opam-switch/build/camlp5.7.06/ocaml_stuff/4.05.0/utils'
if [ "+compiler-libs" != "+compiler-libs" ]; then \
  cd ./4.05.0/parsing; \
  make clean EXE=; \
fi
make[3]: Leaving directory '/home/larry/.opam/system/.opam-switch/build/camlp5.7.06/ocaml_stuff'
for i in lib odyl main meta etc top ocpp man compile; do (cd $i; make clean; cd ..); done
make[3]: Entering directory '/home/larry/.opam/system/.opam-switch/build/camlp5.7.06/lib'
/bin/rm -f *.cm[ioax] *.cmxa *.pp[io] *.[ao] *.obj *.lib *.bak .*.bak
/bin/rm -f gramlib.cma
make[3]: Leaving directory '/home/larry/.opam/system/.opam-switch/build/camlp5.7.06/lib'
make[3]: Entering directory '/home/larry/.opam/system/.opam-switch/build/camlp5.7.06/odyl'
/bin/rm -f *.cm* *.pp[io] *.[ao] *.obj *.lib *.bak .*.bak *.out *.opt
/bin/rm -f odyl_config.ml odyl
make[3]: Leaving directory '/home/larry/.opam/system/.opam-switch/build/camlp5.7.06/odyl'
make[3]: Entering directory '/home/larry/.opam/system/.opam-switch/build/camlp5.7.06/main'
/bin/rm -f *.cm* *.pp[io] *.[ao] *.obj *.lib *.bak .*.bak *.out *.opt
/bin/rm -f camlp5 crc.tmp
make[3]: Leaving directory '/home/larry/.opam/system/.opam-switch/build/camlp5.7.06/main'
make[3]: Entering directory '/home/larry/.opam/system/.opam-switch/build/camlp5.7.06/meta'
/bin/rm -f *.cm* *.pp[io] *.[ao] *.obj *.lib *.bak .*.bak q_MLast.cmo q_ast.cmo pa_r.cmo pa_rp.cmo pa_macro.cmo pa_fstream.cmo pa_extend.cmo pa_extend_m.cmo pr_dump.cmo pa_lexer.cmo camlp5r q_MLast.cmx q_ast.cmx pa_r.cmx pa_rp.cmx pa_macro.cmx pa_fstream.cmx pa_extend.cmx pa_extend_m.cmx pr_dump.cmx pa_lexer.cmx camlp5r.opt
make[3]: Leaving directory '/home/larry/.opam/system/.opam-switch/build/camlp5.7.06/meta'
make[3]: Entering directory '/home/larry/.opam/system/.opam-switch/build/camlp5.7.06/etc'
/bin/rm -f *.cm* *.pp[io] *.[ao] *.obj *.lib *.bak .*.bak *.out *.opt
/bin/rm -f mkcamlp5.sh mkcamlp5.opt.sh camlp5o camlp5sch
/bin/rm -f META
make[3]: Leaving directory '/home/larry/.opam/system/.opam-switch/build/camlp5.7.06/etc'
make[3]: Entering directory '/home/larry/.opam/system/.opam-switch/build/camlp5.7.06/top'
/bin/rm -f *.cm[ioa] *.pp[io] *.[ao] *.obj *.lib *.bak .*.bak camlp5o.cma camlp5r.cma camlp5sch.cma camlp5_top.cma
make[3]: Leaving directory '/home/larry/.opam/system/.opam-switch/build/camlp5.7.06/top'
make[3]: Entering directory '/home/larry/.opam/system/.opam-switch/build/camlp5.7.06/ocpp'
/bin/rm -f *.cm[ioa] *.pp[io] *.[ao] *.obj *.lib *.out *.bak .*.bak
/bin/rm -f ocpp
make[3]: Leaving directory '/home/larry/.opam/system/.opam-switch/build/camlp5.7.06/ocpp'
make[3]: Entering directory '/home/larry/.opam/system/.opam-switch/build/camlp5.7.06/man'
/bin/rm -f camlp5.1
make[3]: Leaving directory '/home/larry/.opam/system/.opam-switch/build/camlp5.7.06/man'
make[3]: Entering directory '/home/larry/.opam/system/.opam-switch/build/camlp5.7.06/compile'
/bin/rm -f *.cm* *.pp[io] *.[oa] *.lib *.obj *.bak .*.bak *.out *.opt
/bin/rm -f *.fast tmp.* pa_*_fast.ml *_fast.ml.tmp
make[3]: Leaving directory '/home/larry/.opam/system/.opam-switch/build/camlp5.7.06/compile'
make[2]: Leaving directory '/home/larry/.opam/system/.opam-switch/build/camlp5.7.06'
make core
make[2]: Entering directory '/home/larry/.opam/system/.opam-switch/build/camlp5.7.06'
cd ocaml_stuff; make all; cd ..
make[3]: Entering directory '/home/larry/.opam/system/.opam-switch/build/camlp5.7.06/ocaml_stuff'
cd ./4.05.0/utils; \
make all EXE= OCAMLN=ocaml
make[4]: Entering directory '/home/larry/.opam/system/.opam-switch/build/camlp5.7.06/ocaml_stuff/4.05.0/utils'
ocamlc  -c warnings.mli
ocamlc  -c pconfig.mli
ocamlc  -c pconfig.ml
make[4]: Leaving directory '/home/larry/.opam/system/.opam-switch/build/camlp5.7.06/ocaml_stuff/4.05.0/utils'
if [ "+compiler-libs" != "+compiler-libs" ]; then \
  cd ./4.05.0/parsing; \
  make all EXE= OCAMLN=ocaml; \
fi
make[3]: Leaving directory '/home/larry/.opam/system/.opam-switch/build/camlp5.7.06/ocaml_stuff'
set -e; for i in lib odyl main meta; do cd $i; make all; cd ..; done
make[3]: Entering directory '/home/larry/.opam/system/.opam-switch/build/camlp5.7.06/lib'
ocamlrun ../boot/camlp5r -nolib -I ../boot pa_macro.cmo -mode S -o versdep.ppo versdep.ml
ocamlc.opt -warn-error A -I +compiler-libs -c -impl versdep.ppo
/bin/rm -f versdep.ppo
ocamlrun ../boot/camlp5r -nolib -I ../boot -mode S -o ploc.ppi ploc.mli
ocamlc.opt -warn-error A -I +compiler-libs -c -intf ploc.ppi
/bin/rm -f ploc.ppi
ocamlrun ../boot/camlp5r -nolib -I ../boot -mode S -o ploc.ppo ploc.ml
ocamlc.opt -warn-error A -I +compiler-libs -c -impl ploc.ppo
/bin/rm -f ploc.ppo
ocamlrun ../boot/camlp5r -nolib -I ../boot -mode S -o plexing.ppi plexing.mli
ocamlc.opt -warn-error A -I +compiler-libs -c -intf plexing.ppi
/bin/rm -f plexing.ppi
ocamlrun ../boot/camlp5r -nolib -I ../boot -mode S -o plexing.ppo plexing.ml
ocamlc.opt -warn-error A -I +compiler-libs -c -impl plexing.ppo
/bin/rm -f plexing.ppo
ocamlrun ../boot/camlp5r -nolib -I ../boot -mode S -o plexer.ppi plexer.mli
ocamlc.opt -warn-error A -I +compiler-libs -c -intf plexer.ppi
/bin/rm -f plexer.ppi
ocamlrun ../boot/camlp5r -nolib -I ../boot -mode S -o plexer.ppo plexer.ml
ocamlc.opt -warn-error A -I +compiler-libs -c -impl plexer.ppo
/bin/rm -f plexer.ppo
ocamlrun ../boot/camlp5r -nolib -I ../boot -mode S -o fstream.ppi fstream.mli
ocamlc.opt -warn-error A -I +compiler-libs -c -intf fstream.ppi
/bin/rm -f fstream.ppi
ocamlrun ../boot/camlp5r -nolib -I ../boot -mode S -o fstream.ppo fstream.ml
ocamlc.opt -warn-error A -I +compiler-libs -c -impl fstream.ppo
/bin/rm -f fstream.ppo
ocamlrun ../boot/camlp5r -nolib -I ../boot -mode S -o gramext.ppi gramext.mli
ocamlc.opt -warn-error A -I +compiler-libs -c -intf gramext.ppi
/bin/rm -f gramext.ppi
ocamlrun ../boot/camlp5r -nolib -I ../boot -mode S -o gramext.ppo gramext.ml
ocamlc.opt -warn-error A -I +compiler-libs -c -impl gramext.ppo
/bin/rm -f gramext.ppo
ocamlrun ../boot/camlp5r -nolib -I ../boot -mode S -o grammar.ppi grammar.mli
ocamlc.opt -warn-error A -I +compiler-libs -c -intf grammar.ppi
/bin/rm -f grammar.ppi
ocamlrun ../boot/camlp5r -nolib -I ../boot -mode S -o grammar.ppo grammar.ml
I/O error: grammar.ppo: No such file or directory
../config/Makefile:21: recipe for target 'grammar.cmo' failed
make[3]: *** [grammar.cmo] Error 2
make[3]: Leaving directory '/home/larry/.opam/system/.opam-switch/build/camlp5.7.06/lib'
Makefile:135: recipe for target 'core' failed
make[2]: *** [core] Error 2
make[2]: Leaving directory '/home/larry/.opam/system/.opam-switch/build/camlp5.7.06'
Makefile:128: recipe for target 'coreboot' failed
make[1]: *** [coreboot] Error 2
make[1]: Leaving directory '/home/larry/.opam/system/.opam-switch/build/camlp5.7.06'
Makefile:150: recipe for target 'world.opt' failed
make: *** [world.opt] Error 2
